{"/Users/pyuuunah/Documents/dev/pragmabrewery/breweryApi/src/controllers/containerController.js": {"path":"/Users/pyuuunah/Documents/dev/pragmabrewery/breweryApi/src/controllers/containerController.js","statementMap":{"0":{"start":{"line":1,"column":16},"end":{"line":1,"column":55}},"1":{"start":{"line":2,"column":11},"end":{"line":2,"column":45}},"2":{"start":{"line":3,"column":11},"end":{"line":3,"column":34}},"3":{"start":{"line":4,"column":13},"end":{"line":4,"column":48}},"4":{"start":{"line":11,"column":4},"end":{"line":11,"column":37}},"5":{"start":{"line":13,"column":23},"end":{"line":15,"column":1}},"6":{"start":{"line":14,"column":2},"end":{"line":14,"column":40}},"7":{"start":{"line":17,"column":27},"end":{"line":50,"column":1}},"8":{"start":{"line":18,"column":2},"end":{"line":49,"column":3}},"9":{"start":{"line":19,"column":17},"end":{"line":19,"column":25}},"10":{"start":{"line":20,"column":4},"end":{"line":46,"column":5}},"11":{"start":{"line":21,"column":15},"end":{"line":21,"column":16}},"12":{"start":{"line":22,"column":25},"end":{"line":42,"column":7}},"13":{"start":{"line":24,"column":18},"end":{"line":24,"column":19}},"14":{"start":{"line":25,"column":10},"end":{"line":38,"column":11}},"15":{"start":{"line":26,"column":25},"end":{"line":26,"column":38}},"16":{"start":{"line":27,"column":12},"end":{"line":36,"column":13}},"17":{"start":{"line":28,"column":14},"end":{"line":34,"column":17}},"18":{"start":{"line":35,"column":14},"end":{"line":35,"column":19}},"19":{"start":{"line":37,"column":12},"end":{"line":37,"column":16}},"20":{"start":{"line":39,"column":10},"end":{"line":39,"column":21}},"21":{"start":{"line":43,"column":6},"end":{"line":43,"column":39}},"22":{"start":{"line":45,"column":6},"end":{"line":45,"column":50}},"23":{"start":{"line":48,"column":4},"end":{"line":48,"column":55}},"24":{"start":{"line":52,"column":22},"end":{"line":54,"column":1}},"25":{"start":{"line":53,"column":2},"end":{"line":53,"column":43}},"26":{"start":{"line":56,"column":24},"end":{"line":67,"column":1}},"27":{"start":{"line":57,"column":22},"end":{"line":57,"column":44}},"28":{"start":{"line":58,"column":20},"end":{"line":58,"column":46}},"29":{"start":{"line":59,"column":15},"end":{"line":59,"column":60}},"30":{"start":{"line":60,"column":2},"end":{"line":66,"column":23}},"31":{"start":{"line":61,"column":4},"end":{"line":65,"column":7}},"32":{"start":{"line":62,"column":6},"end":{"line":62,"column":66}},"33":{"start":{"line":63,"column":25},"end":{"line":63,"column":52}},"34":{"start":{"line":64,"column":6},"end":{"line":64,"column":39}},"35":{"start":{"line":66,"column":9},"end":{"line":66,"column":23}},"36":{"start":{"line":69,"column":32},"end":{"line":81,"column":1}},"37":{"start":{"line":70,"column":22},"end":{"line":70,"column":44}},"38":{"start":{"line":71,"column":15},"end":{"line":71,"column":23}},"39":{"start":{"line":72,"column":20},"end":{"line":72,"column":46}},"40":{"start":{"line":73,"column":15},"end":{"line":73,"column":60}},"41":{"start":{"line":75,"column":2},"end":{"line":80,"column":23}},"42":{"start":{"line":76,"column":17},"end":{"line":76,"column":33}},"43":{"start":{"line":77,"column":4},"end":{"line":77,"column":55}},"44":{"start":{"line":78,"column":23},"end":{"line":78,"column":50}},"45":{"start":{"line":79,"column":4},"end":{"line":79,"column":37}},"46":{"start":{"line":80,"column":9},"end":{"line":80,"column":23}},"47":{"start":{"line":83,"column":24},"end":{"line":89,"column":1}},"48":{"start":{"line":84,"column":22},"end":{"line":84,"column":44}},"49":{"start":{"line":85,"column":20},"end":{"line":85,"column":46}},"50":{"start":{"line":86,"column":2},"end":{"line":88,"column":23}},"51":{"start":{"line":87,"column":4},"end":{"line":87,"column":54}},"52":{"start":{"line":88,"column":9},"end":{"line":88,"column":23}},"53":{"start":{"line":91,"column":0},"end":{"line":98,"column":2}}},"fnMap":{"0":{"name":"(anonymous_0)","decl":{"start":{"line":13,"column":23},"end":{"line":13,"column":24}},"loc":{"start":{"line":13,"column":38},"end":{"line":15,"column":1}},"line":13},"1":{"name":"(anonymous_1)","decl":{"start":{"line":17,"column":27},"end":{"line":17,"column":28}},"loc":{"start":{"line":17,"column":41},"end":{"line":50,"column":1}},"line":17},"2":{"name":"(anonymous_2)","decl":{"start":{"line":23,"column":8},"end":{"line":23,"column":9}},"loc":{"start":{"line":23,"column":35},"end":{"line":40,"column":9}},"line":23},"3":{"name":"(anonymous_3)","decl":{"start":{"line":52,"column":22},"end":{"line":52,"column":23}},"loc":{"start":{"line":52,"column":37},"end":{"line":54,"column":1}},"line":52},"4":{"name":"(anonymous_4)","decl":{"start":{"line":56,"column":24},"end":{"line":56,"column":25}},"loc":{"start":{"line":56,"column":38},"end":{"line":67,"column":1}},"line":56},"5":{"name":"(anonymous_5)","decl":{"start":{"line":61,"column":51},"end":{"line":61,"column":52}},"loc":{"start":{"line":61,"column":58},"end":{"line":65,"column":5}},"line":61},"6":{"name":"(anonymous_6)","decl":{"start":{"line":69,"column":32},"end":{"line":69,"column":33}},"loc":{"start":{"line":69,"column":46},"end":{"line":81,"column":1}},"line":69},"7":{"name":"(anonymous_7)","decl":{"start":{"line":83,"column":24},"end":{"line":83,"column":25}},"loc":{"start":{"line":83,"column":38},"end":{"line":89,"column":1}},"line":83}},"branchMap":{"0":{"loc":{"start":{"line":18,"column":2},"end":{"line":49,"column":3}},"type":"if","locations":[{"start":{"line":18,"column":2},"end":{"line":49,"column":3}},{"start":{"line":18,"column":2},"end":{"line":49,"column":3}}],"line":18},"1":{"loc":{"start":{"line":20,"column":4},"end":{"line":46,"column":5}},"type":"if","locations":[{"start":{"line":20,"column":4},"end":{"line":46,"column":5}},{"start":{"line":20,"column":4},"end":{"line":46,"column":5}}],"line":20},"2":{"loc":{"start":{"line":27,"column":12},"end":{"line":36,"column":13}},"type":"if","locations":[{"start":{"line":27,"column":12},"end":{"line":36,"column":13}},{"start":{"line":27,"column":12},"end":{"line":36,"column":13}}],"line":27},"3":{"loc":{"start":{"line":59,"column":15},"end":{"line":59,"column":60}},"type":"cond-expr","locations":[{"start":{"line":59,"column":27},"end":{"line":59,"column":53}},{"start":{"line":59,"column":56},"end":{"line":59,"column":60}}],"line":59},"4":{"loc":{"start":{"line":60,"column":2},"end":{"line":66,"column":23}},"type":"if","locations":[{"start":{"line":60,"column":2},"end":{"line":66,"column":23}},{"start":{"line":60,"column":2},"end":{"line":66,"column":23}}],"line":60},"5":{"loc":{"start":{"line":60,"column":6},"end":{"line":60,"column":64}},"type":"binary-expr","locations":[{"start":{"line":60,"column":6},"end":{"line":60,"column":38}},{"start":{"line":60,"column":42},"end":{"line":60,"column":64}}],"line":60},"6":{"loc":{"start":{"line":73,"column":15},"end":{"line":73,"column":60}},"type":"cond-expr","locations":[{"start":{"line":73,"column":27},"end":{"line":73,"column":53}},{"start":{"line":73,"column":56},"end":{"line":73,"column":60}}],"line":73},"7":{"loc":{"start":{"line":75,"column":2},"end":{"line":80,"column":23}},"type":"if","locations":[{"start":{"line":75,"column":2},"end":{"line":80,"column":23}},{"start":{"line":75,"column":2},"end":{"line":80,"column":23}}],"line":75},"8":{"loc":{"start":{"line":75,"column":6},"end":{"line":75,"column":64}},"type":"binary-expr","locations":[{"start":{"line":75,"column":6},"end":{"line":75,"column":38}},{"start":{"line":75,"column":42},"end":{"line":75,"column":64}}],"line":75},"9":{"loc":{"start":{"line":86,"column":2},"end":{"line":88,"column":23}},"type":"if","locations":[{"start":{"line":86,"column":2},"end":{"line":88,"column":23}},{"start":{"line":86,"column":2},"end":{"line":88,"column":23}}],"line":86}},"s":{"0":2,"1":2,"2":2,"3":2,"4":2,"5":2,"6":1,"7":2,"8":4,"9":3,"10":3,"11":2,"12":2,"13":2,"14":2,"15":2,"16":2,"17":1,"18":1,"19":2,"20":2,"21":2,"22":1,"23":1,"24":2,"25":1,"26":2,"27":2,"28":2,"29":2,"30":2,"31":1,"32":1,"33":1,"34":1,"35":1,"36":2,"37":2,"38":2,"39":2,"40":2,"41":2,"42":1,"43":1,"44":1,"45":1,"46":1,"47":2,"48":2,"49":2,"50":2,"51":1,"52":1,"53":2},"f":{"0":1,"1":4,"2":2,"3":1,"4":2,"5":1,"6":2,"7":2},"b":{"0":[3,1],"1":[2,1],"2":[1,1],"3":[1,1],"4":[1,1],"5":[2,1],"6":[1,1],"7":[1,1],"8":[2,1],"9":[1,1]},"_coverageSchema":"1a1c01bbd47fc00a2c39e90264f33305004495a9","hash":"3e6f2752c5aba87d8e7ce66e9a51885c00a10742"}
,"/Users/pyuuunah/Documents/dev/pragmabrewery/breweryApi/src/controllers/eventController.js": {"path":"/Users/pyuuunah/Documents/dev/pragmabrewery/breweryApi/src/controllers/eventController.js","statementMap":{"0":{"start":{"line":1,"column":25},"end":{"line":1,"column":59}},"1":{"start":{"line":2,"column":16},"end":{"line":2,"column":55}},"2":{"start":{"line":3,"column":20},"end":{"line":3,"column":53}},"3":{"start":{"line":5,"column":24},"end":{"line":31,"column":1}},"4":{"start":{"line":7,"column":2},"end":{"line":11,"column":5}},"5":{"start":{"line":14,"column":2},"end":{"line":14,"column":37}},"6":{"start":{"line":19,"column":19},"end":{"line":19,"column":29}},"7":{"start":{"line":20,"column":2},"end":{"line":23,"column":5}},"8":{"start":{"line":27,"column":2},"end":{"line":30,"column":5}},"9":{"start":{"line":28,"column":4},"end":{"line":28,"column":49}},"10":{"start":{"line":29,"column":4},"end":{"line":29,"column":21}},"11":{"start":{"line":33,"column":0},"end":{"line":35,"column":2}}},"fnMap":{"0":{"name":"(anonymous_0)","decl":{"start":{"line":5,"column":24},"end":{"line":5,"column":25}},"loc":{"start":{"line":5,"column":38},"end":{"line":31,"column":1}},"line":5},"1":{"name":"(anonymous_1)","decl":{"start":{"line":27,"column":18},"end":{"line":27,"column":19}},"loc":{"start":{"line":27,"column":24},"end":{"line":30,"column":3}},"line":27}},"branchMap":{},"s":{"0":2,"1":2,"2":2,"3":2,"4":1,"5":1,"6":1,"7":1,"8":1,"9":0,"10":0,"11":2},"f":{"0":1,"1":0},"b":{},"_coverageSchema":"1a1c01bbd47fc00a2c39e90264f33305004495a9","hash":"b25d29c35125285ccbfe4a0401f998b301a9fffb"}
,"/Users/pyuuunah/Documents/dev/pragmabrewery/breweryApi/src/models/beer.js": {"path":"/Users/pyuuunah/Documents/dev/pragmabrewery/breweryApi/src/models/beer.js","statementMap":{"0":{"start":{"line":1,"column":14},"end":{"line":1,"column":37}},"1":{"start":{"line":2,"column":8},"end":{"line":2,"column":25}},"2":{"start":{"line":3,"column":12},"end":{"line":3,"column":43}},"3":{"start":{"line":5,"column":13},"end":{"line":7,"column":1}},"4":{"start":{"line":6,"column":2},"end":{"line":6,"column":34}},"5":{"start":{"line":9,"column":0},"end":{"line":9,"column":25}},"6":{"start":{"line":11,"column":0},"end":{"line":14,"column":2}},"7":{"start":{"line":12,"column":17},"end":{"line":12,"column":29}},"8":{"start":{"line":13,"column":2},"end":{"line":13,"column":58}},"9":{"start":{"line":16,"column":0},"end":{"line":16,"column":44}},"10":{"start":{"line":16,"column":24},"end":{"line":16,"column":43}},"11":{"start":{"line":18,"column":0},"end":{"line":18,"column":22}}},"fnMap":{"0":{"name":"(anonymous_0)","decl":{"start":{"line":5,"column":13},"end":{"line":5,"column":14}},"loc":{"start":{"line":5,"column":29},"end":{"line":7,"column":1}},"line":5},"1":{"name":"(anonymous_1)","decl":{"start":{"line":11,"column":26},"end":{"line":11,"column":27}},"loc":{"start":{"line":11,"column":36},"end":{"line":14,"column":1}},"line":11},"2":{"name":"(anonymous_2)","decl":{"start":{"line":16,"column":16},"end":{"line":16,"column":17}},"loc":{"start":{"line":16,"column":24},"end":{"line":16,"column":43}},"line":16}},"branchMap":{},"s":{"0":3,"1":3,"2":3,"3":3,"4":1,"5":3,"6":3,"7":1,"8":1,"9":3,"10":1,"11":3},"f":{"0":1,"1":1,"2":1},"b":{},"_coverageSchema":"1a1c01bbd47fc00a2c39e90264f33305004495a9","hash":"b0ec32e5fc7f1f939dfeda923492b2f1940902c9"}
,"/Users/pyuuunah/Documents/dev/pragmabrewery/breweryApi/src/models/container.js": {"path":"/Users/pyuuunah/Documents/dev/pragmabrewery/breweryApi/src/models/container.js","statementMap":{"0":{"start":{"line":1,"column":14},"end":{"line":1,"column":37}},"1":{"start":{"line":2,"column":8},"end":{"line":2,"column":25}},"2":{"start":{"line":3,"column":0},"end":{"line":3,"column":21}},"3":{"start":{"line":5,"column":16},"end":{"line":7,"column":1}},"4":{"start":{"line":6,"column":2},"end":{"line":6,"column":34}},"5":{"start":{"line":9,"column":0},"end":{"line":12,"column":2}},"6":{"start":{"line":10,"column":17},"end":{"line":10,"column":34}},"7":{"start":{"line":11,"column":2},"end":{"line":11,"column":58}},"8":{"start":{"line":14,"column":0},"end":{"line":16,"column":2}},"9":{"start":{"line":15,"column":2},"end":{"line":15,"column":31}},"10":{"start":{"line":18,"column":0},"end":{"line":20,"column":2}},"11":{"start":{"line":19,"column":2},"end":{"line":19,"column":31}},"12":{"start":{"line":22,"column":0},"end":{"line":22,"column":47}},"13":{"start":{"line":22,"column":25},"end":{"line":22,"column":45}},"14":{"start":{"line":24,"column":0},"end":{"line":28,"column":2}},"15":{"start":{"line":25,"column":2},"end":{"line":27,"column":19}},"16":{"start":{"line":26,"column":4},"end":{"line":26,"column":55}},"17":{"start":{"line":27,"column":7},"end":{"line":27,"column":19}},"18":{"start":{"line":30,"column":0},"end":{"line":30,"column":41}},"19":{"start":{"line":30,"column":25},"end":{"line":30,"column":40}},"20":{"start":{"line":32,"column":0},"end":{"line":35,"column":2}},"21":{"start":{"line":33,"column":2},"end":{"line":33,"column":38}},"22":{"start":{"line":34,"column":2},"end":{"line":34,"column":25}},"23":{"start":{"line":37,"column":0},"end":{"line":37,"column":73}},"24":{"start":{"line":37,"column":43},"end":{"line":37,"column":71}},"25":{"start":{"line":39,"column":0},"end":{"line":40,"column":74}},"26":{"start":{"line":40,"column":2},"end":{"line":40,"column":73}},"27":{"start":{"line":42,"column":0},"end":{"line":42,"column":27}}},"fnMap":{"0":{"name":"(anonymous_0)","decl":{"start":{"line":5,"column":16},"end":{"line":5,"column":17}},"loc":{"start":{"line":5,"column":32},"end":{"line":7,"column":1}},"line":5},"1":{"name":"(anonymous_1)","decl":{"start":{"line":9,"column":31},"end":{"line":9,"column":32}},"loc":{"start":{"line":9,"column":41},"end":{"line":12,"column":1}},"line":9},"2":{"name":"(anonymous_2)","decl":{"start":{"line":14,"column":37},"end":{"line":14,"column":38}},"loc":{"start":{"line":14,"column":53},"end":{"line":16,"column":1}},"line":14},"3":{"name":"(anonymous_3)","decl":{"start":{"line":18,"column":37},"end":{"line":18,"column":38}},"loc":{"start":{"line":18,"column":53},"end":{"line":20,"column":1}},"line":18},"4":{"name":"(anonymous_4)","decl":{"start":{"line":22,"column":18},"end":{"line":22,"column":19}},"loc":{"start":{"line":22,"column":25},"end":{"line":22,"column":45}},"line":22},"5":{"name":"(anonymous_5)","decl":{"start":{"line":24,"column":21},"end":{"line":24,"column":22}},"loc":{"start":{"line":24,"column":38},"end":{"line":28,"column":1}},"line":24},"6":{"name":"(anonymous_6)","decl":{"start":{"line":30,"column":19},"end":{"line":30,"column":20}},"loc":{"start":{"line":30,"column":25},"end":{"line":30,"column":40}},"line":30},"7":{"name":"(anonymous_7)","decl":{"start":{"line":32,"column":19},"end":{"line":32,"column":20}},"loc":{"start":{"line":32,"column":36},"end":{"line":35,"column":1}},"line":32},"8":{"name":"(anonymous_8)","decl":{"start":{"line":37,"column":26},"end":{"line":37,"column":27}},"loc":{"start":{"line":37,"column":43},"end":{"line":37,"column":71}},"line":37},"9":{"name":"(anonymous_9)","decl":{"start":{"line":39,"column":19},"end":{"line":39,"column":20}},"loc":{"start":{"line":40,"column":2},"end":{"line":40,"column":73}},"line":40}},"branchMap":{"0":{"loc":{"start":{"line":25,"column":2},"end":{"line":27,"column":19}},"type":"if","locations":[{"start":{"line":25,"column":2},"end":{"line":27,"column":19}},{"start":{"line":25,"column":2},"end":{"line":27,"column":19}}],"line":25},"1":{"loc":{"start":{"line":25,"column":6},"end":{"line":25,"column":68}},"type":"binary-expr","locations":[{"start":{"line":25,"column":6},"end":{"line":25,"column":21}},{"start":{"line":25,"column":25},"end":{"line":25,"column":68}}],"line":25}},"s":{"0":5,"1":5,"2":5,"3":5,"4":4,"5":5,"6":4,"7":4,"8":5,"9":1,"10":5,"11":1,"12":5,"13":1,"14":5,"15":3,"16":2,"17":1,"18":5,"19":8,"20":5,"21":1,"22":1,"23":5,"24":2,"25":5,"26":1,"27":5},"f":{"0":4,"1":4,"2":1,"3":1,"4":1,"5":3,"6":8,"7":1,"8":2,"9":1},"b":{"0":[2,1],"1":[3,3]},"_coverageSchema":"1a1c01bbd47fc00a2c39e90264f33305004495a9","hash":"703b78d14e54fd5ca6faa13ac34d6f1ccb819c2c"}
,"/Users/pyuuunah/Documents/dev/pragmabrewery/breweryApi/src/models/schemas.js": {"path":"/Users/pyuuunah/Documents/dev/pragmabrewery/breweryApi/src/models/schemas.js","statementMap":{"0":{"start":{"line":1,"column":16},"end":{"line":16,"column":1}},"1":{"start":{"line":18,"column":0},"end":{"line":18,"column":25}}},"fnMap":{},"branchMap":{},"s":{"0":11,"1":11},"f":{},"b":{},"_coverageSchema":"1a1c01bbd47fc00a2c39e90264f33305004495a9","hash":"2fedcb47d4f521ce93bcb0598386624e2a6afbe5"}
,"/Users/pyuuunah/Documents/dev/pragmabrewery/breweryApi/src/models/user.js": {"path":"/Users/pyuuunah/Documents/dev/pragmabrewery/breweryApi/src/models/user.js","statementMap":{"0":{"start":{"line":1,"column":14},"end":{"line":1,"column":37}},"1":{"start":{"line":2,"column":8},"end":{"line":2,"column":25}},"2":{"start":{"line":3,"column":12},"end":{"line":3,"column":14}},"3":{"start":{"line":5,"column":13},"end":{"line":7,"column":1}},"4":{"start":{"line":6,"column":2},"end":{"line":6,"column":19}},"5":{"start":{"line":9,"column":0},"end":{"line":9,"column":25}},"6":{"start":{"line":11,"column":0},"end":{"line":11,"column":38}},"7":{"start":{"line":11,"column":21},"end":{"line":11,"column":37}},"8":{"start":{"line":13,"column":0},"end":{"line":13,"column":63}},"9":{"start":{"line":13,"column":26},"end":{"line":13,"column":62}},"10":{"start":{"line":13,"column":46},"end":{"line":13,"column":61}},"11":{"start":{"line":15,"column":0},"end":{"line":15,"column":26}},"12":{"start":{"line":15,"column":20},"end":{"line":15,"column":25}},"13":{"start":{"line":17,"column":0},"end":{"line":17,"column":22}}},"fnMap":{"0":{"name":"(anonymous_0)","decl":{"start":{"line":5,"column":13},"end":{"line":5,"column":14}},"loc":{"start":{"line":5,"column":29},"end":{"line":7,"column":1}},"line":5},"1":{"name":"(anonymous_1)","decl":{"start":{"line":11,"column":11},"end":{"line":11,"column":12}},"loc":{"start":{"line":11,"column":21},"end":{"line":11,"column":37}},"line":11},"2":{"name":"(anonymous_2)","decl":{"start":{"line":13,"column":14},"end":{"line":13,"column":15}},"loc":{"start":{"line":13,"column":26},"end":{"line":13,"column":62}},"line":13},"3":{"name":"(anonymous_3)","decl":{"start":{"line":13,"column":39},"end":{"line":13,"column":40}},"loc":{"start":{"line":13,"column":46},"end":{"line":13,"column":61}},"line":13},"4":{"name":"(anonymous_4)","decl":{"start":{"line":15,"column":14},"end":{"line":15,"column":15}},"loc":{"start":{"line":15,"column":20},"end":{"line":15,"column":25}},"line":15}},"branchMap":{},"s":{"0":6,"1":6,"2":6,"3":6,"4":2,"5":6,"6":6,"7":2,"8":6,"9":1,"10":1,"11":6,"12":8,"13":6},"f":{"0":2,"1":2,"2":1,"3":1,"4":8},"b":{},"_coverageSchema":"1a1c01bbd47fc00a2c39e90264f33305004495a9","hash":"c8aa909ff52e85c1eefdbe227466be05797f54dc"}
,"/Users/pyuuunah/Documents/dev/pragmabrewery/breweryApi/src/routes/containers.js": {"path":"/Users/pyuuunah/Documents/dev/pragmabrewery/breweryApi/src/routes/containers.js","statementMap":{"0":{"start":{"line":1,"column":14},"end":{"line":1,"column":32}},"1":{"start":{"line":2,"column":22},"end":{"line":2,"column":38}},"2":{"start":{"line":10,"column":4},"end":{"line":10,"column":49}},"3":{"start":{"line":13,"column":0},"end":{"line":13,"column":46}},"4":{"start":{"line":15,"column":0},"end":{"line":15,"column":40}},"5":{"start":{"line":18,"column":0},"end":{"line":18,"column":44}},"6":{"start":{"line":22,"column":0},"end":{"line":28,"column":2}},"7":{"start":{"line":25,"column":4},"end":{"line":25,"column":38}},"8":{"start":{"line":26,"column":4},"end":{"line":26,"column":18}},"9":{"start":{"line":29,"column":0},"end":{"line":29,"column":68}},"10":{"start":{"line":30,"column":0},"end":{"line":30,"column":54}},"11":{"start":{"line":31,"column":0},"end":{"line":31,"column":57}},"12":{"start":{"line":33,"column":0},"end":{"line":33,"column":33}}},"fnMap":{"0":{"name":"(anonymous_0)","decl":{"start":{"line":24,"column":2},"end":{"line":24,"column":3}},"loc":{"start":{"line":24,"column":45},"end":{"line":27,"column":3}},"line":24}},"branchMap":{},"s":{"0":1,"1":1,"2":1,"3":1,"4":1,"5":1,"6":1,"7":0,"8":0,"9":1,"10":1,"11":1,"12":1},"f":{"0":0},"b":{},"_coverageSchema":"1a1c01bbd47fc00a2c39e90264f33305004495a9","hash":"21e11096f24112819f24a5cfd355d97cdc6c4e98"}
,"/Users/pyuuunah/Documents/dev/pragmabrewery/breweryApi/src/routes/events.js": {"path":"/Users/pyuuunah/Documents/dev/pragmabrewery/breweryApi/src/routes/events.js","statementMap":{"0":{"start":{"line":1,"column":14},"end":{"line":1,"column":32}},"1":{"start":{"line":2,"column":18},"end":{"line":2,"column":34}},"2":{"start":{"line":3,"column":26},"end":{"line":3,"column":67}},"3":{"start":{"line":6,"column":0},"end":{"line":6,"column":38}},"4":{"start":{"line":8,"column":0},"end":{"line":8,"column":29}}},"fnMap":{},"branchMap":{},"s":{"0":1,"1":1,"2":1,"3":1,"4":1},"f":{},"b":{},"_coverageSchema":"1a1c01bbd47fc00a2c39e90264f33305004495a9","hash":"3205e0d3323fa85c1e63325cce6b00fc08274846"}
,"/Users/pyuuunah/Documents/dev/pragmabrewery/breweryApi/src/services/beerService.js": {"path":"/Users/pyuuunah/Documents/dev/pragmabrewery/breweryApi/src/services/beerService.js","statementMap":{"0":{"start":{"line":1,"column":11},"end":{"line":1,"column":36}},"1":{"start":{"line":3,"column":12},"end":{"line":3,"column":42}},"2":{"start":{"line":3,"column":20},"end":{"line":3,"column":42}},"3":{"start":{"line":5,"column":0},"end":{"line":7,"column":2}}},"fnMap":{"0":{"name":"(anonymous_0)","decl":{"start":{"line":3,"column":12},"end":{"line":3,"column":13}},"loc":{"start":{"line":3,"column":20},"end":{"line":3,"column":42}},"line":3}},"branchMap":{},"s":{"0":3,"1":3,"2":1,"3":3},"f":{"0":1},"b":{},"_coverageSchema":"1a1c01bbd47fc00a2c39e90264f33305004495a9","hash":"a414f3b93926fcaf7354b3d7c703249dcbe262bb"}
,"/Users/pyuuunah/Documents/dev/pragmabrewery/breweryApi/src/services/containerService.js": {"path":"/Users/pyuuunah/Documents/dev/pragmabrewery/breweryApi/src/services/containerService.js","statementMap":{"0":{"start":{"line":1,"column":16},"end":{"line":1,"column":46}},"1":{"start":{"line":2,"column":11},"end":{"line":2,"column":34}},"2":{"start":{"line":4,"column":15},"end":{"line":20,"column":1}},"3":{"start":{"line":5,"column":23},"end":{"line":5,"column":52}},"4":{"start":{"line":6,"column":21},"end":{"line":6,"column":29}},"5":{"start":{"line":8,"column":13},"end":{"line":10,"column":21}},"6":{"start":{"line":12,"column":2},"end":{"line":18,"column":5}},"7":{"start":{"line":19,"column":2},"end":{"line":19,"column":22}},"8":{"start":{"line":22,"column":12},"end":{"line":22,"column":42}},"9":{"start":{"line":22,"column":20},"end":{"line":22,"column":42}},"10":{"start":{"line":24,"column":15},"end":{"line":24,"column":39}},"11":{"start":{"line":24,"column":21},"end":{"line":24,"column":39}},"12":{"start":{"line":26,"column":15},"end":{"line":26,"column":57}},"13":{"start":{"line":26,"column":30},"end":{"line":26,"column":57}},"14":{"start":{"line":28,"column":26},"end":{"line":31,"column":1}},"15":{"start":{"line":29,"column":2},"end":{"line":29,"column":33}},"16":{"start":{"line":30,"column":2},"end":{"line":30,"column":63}},"17":{"start":{"line":33,"column":15},"end":{"line":33,"column":61}},"18":{"start":{"line":33,"column":32},"end":{"line":33,"column":61}},"19":{"start":{"line":35,"column":14},"end":{"line":35,"column":37}},"20":{"start":{"line":35,"column":20},"end":{"line":35,"column":37}},"21":{"start":{"line":37,"column":0},"end":{"line":45,"column":2}}},"fnMap":{"0":{"name":"(anonymous_0)","decl":{"start":{"line":4,"column":15},"end":{"line":4,"column":16}},"loc":{"start":{"line":4,"column":30},"end":{"line":20,"column":1}},"line":4},"1":{"name":"(anonymous_1)","decl":{"start":{"line":22,"column":12},"end":{"line":22,"column":13}},"loc":{"start":{"line":22,"column":20},"end":{"line":22,"column":42}},"line":22},"2":{"name":"(anonymous_2)","decl":{"start":{"line":24,"column":15},"end":{"line":24,"column":16}},"loc":{"start":{"line":24,"column":21},"end":{"line":24,"column":39}},"line":24},"3":{"name":"(anonymous_3)","decl":{"start":{"line":26,"column":15},"end":{"line":26,"column":16}},"loc":{"start":{"line":26,"column":30},"end":{"line":26,"column":57}},"line":26},"4":{"name":"(anonymous_4)","decl":{"start":{"line":28,"column":26},"end":{"line":28,"column":27}},"loc":{"start":{"line":28,"column":53},"end":{"line":31,"column":1}},"line":28},"5":{"name":"(anonymous_5)","decl":{"start":{"line":33,"column":15},"end":{"line":33,"column":16}},"loc":{"start":{"line":33,"column":32},"end":{"line":33,"column":61}},"line":33},"6":{"name":"(anonymous_6)","decl":{"start":{"line":35,"column":14},"end":{"line":35,"column":15}},"loc":{"start":{"line":35,"column":20},"end":{"line":35,"column":37}},"line":35}},"branchMap":{"0":{"loc":{"start":{"line":8,"column":13},"end":{"line":10,"column":21}},"type":"cond-expr","locations":[{"start":{"line":9,"column":6},"end":{"line":9,"column":40}},{"start":{"line":10,"column":6},"end":{"line":10,"column":21}}],"line":8}},"s":{"0":5,"1":5,"2":5,"3":2,"4":2,"5":2,"6":2,"7":2,"8":5,"9":3,"10":5,"11":8,"12":5,"13":1,"14":5,"15":1,"16":1,"17":5,"18":1,"19":5,"20":1,"21":5},"f":{"0":2,"1":3,"2":8,"3":1,"4":1,"5":1,"6":1},"b":{"0":[1,1]},"_coverageSchema":"1a1c01bbd47fc00a2c39e90264f33305004495a9","hash":"349fac68eba1e72f5eaeaaa821cb7f56ca94ddce"}
,"/Users/pyuuunah/Documents/dev/pragmabrewery/breweryApi/src/services/http.js": {"path":"/Users/pyuuunah/Documents/dev/pragmabrewery/breweryApi/src/services/http.js","statementMap":{"0":{"start":{"line":1,"column":12},"end":{"line":1,"column":33}},"1":{"start":{"line":3,"column":13},"end":{"line":3,"column":70}},"2":{"start":{"line":5,"column":12},"end":{"line":16,"column":25}},"3":{"start":{"line":6,"column":2},"end":{"line":16,"column":25}},"4":{"start":{"line":15,"column":24},"end":{"line":15,"column":39}},"5":{"start":{"line":16,"column":20},"end":{"line":16,"column":24}},"6":{"start":{"line":18,"column":13},"end":{"line":20,"column":1}},"7":{"start":{"line":22,"column":0},"end":{"line":22,"column":22}}},"fnMap":{"0":{"name":"(anonymous_0)","decl":{"start":{"line":5,"column":12},"end":{"line":5,"column":13}},"loc":{"start":{"line":6,"column":2},"end":{"line":16,"column":25}},"line":6},"1":{"name":"(anonymous_1)","decl":{"start":{"line":15,"column":10},"end":{"line":15,"column":11}},"loc":{"start":{"line":15,"column":24},"end":{"line":15,"column":39}},"line":15},"2":{"name":"(anonymous_2)","decl":{"start":{"line":16,"column":10},"end":{"line":16,"column":11}},"loc":{"start":{"line":16,"column":20},"end":{"line":16,"column":24}},"line":16}},"branchMap":{},"s":{"0":3,"1":3,"2":3,"3":1,"4":1,"5":1,"6":3,"7":3},"f":{"0":1,"1":1,"2":1},"b":{},"_coverageSchema":"1a1c01bbd47fc00a2c39e90264f33305004495a9","hash":"aa698d0993d91212e2c675537b0ded7b8b73ed6e"}
,"/Users/pyuuunah/Documents/dev/pragmabrewery/breweryApi/src/services/pragmaSensor.js": {"path":"/Users/pyuuunah/Documents/dev/pragmabrewery/breweryApi/src/services/pragmaSensor.js","statementMap":{"0":{"start":{"line":1,"column":11},"end":{"line":1,"column":28}},"1":{"start":{"line":3,"column":30},"end":{"line":3,"column":74}},"2":{"start":{"line":3,"column":47},"end":{"line":3,"column":74}},"3":{"start":{"line":5,"column":0},"end":{"line":5,"column":43}}},"fnMap":{"0":{"name":"(anonymous_0)","decl":{"start":{"line":3,"column":30},"end":{"line":3,"column":31}},"loc":{"start":{"line":3,"column":47},"end":{"line":3,"column":74}},"line":3}},"branchMap":{},"s":{"0":3,"1":3,"2":1,"3":3},"f":{"0":1},"b":{},"_coverageSchema":"1a1c01bbd47fc00a2c39e90264f33305004495a9","hash":"79e76f67dcb7e4b22a4ce2619f7df32c2afe4733"}
,"/Users/pyuuunah/Documents/dev/pragmabrewery/breweryApi/src/services/userService.js": {"path":"/Users/pyuuunah/Documents/dev/pragmabrewery/breweryApi/src/services/userService.js","statementMap":{"0":{"start":{"line":1,"column":11},"end":{"line":1,"column":36}},"1":{"start":{"line":3,"column":15},"end":{"line":7,"column":1}},"2":{"start":{"line":4,"column":18},"end":{"line":4,"column":37}},"3":{"start":{"line":5,"column":2},"end":{"line":5,"column":20}},"4":{"start":{"line":6,"column":2},"end":{"line":6,"column":17}},"5":{"start":{"line":9,"column":15},"end":{"line":9,"column":34}},"6":{"start":{"line":9,"column":21},"end":{"line":9,"column":34}},"7":{"start":{"line":11,"column":15},"end":{"line":11,"column":46}},"8":{"start":{"line":11,"column":27},"end":{"line":11,"column":46}},"9":{"start":{"line":13,"column":0},"end":{"line":17,"column":2}}},"fnMap":{"0":{"name":"(anonymous_0)","decl":{"start":{"line":3,"column":15},"end":{"line":3,"column":16}},"loc":{"start":{"line":3,"column":25},"end":{"line":7,"column":1}},"line":3},"1":{"name":"(anonymous_1)","decl":{"start":{"line":9,"column":15},"end":{"line":9,"column":16}},"loc":{"start":{"line":9,"column":21},"end":{"line":9,"column":34}},"line":9},"2":{"name":"(anonymous_2)","decl":{"start":{"line":11,"column":15},"end":{"line":11,"column":16}},"loc":{"start":{"line":11,"column":27},"end":{"line":11,"column":46}},"line":11}},"branchMap":{},"s":{"0":6,"1":6,"2":2,"3":2,"4":2,"5":6,"6":8,"7":6,"8":1,"9":6},"f":{"0":2,"1":8,"2":1},"b":{},"_coverageSchema":"1a1c01bbd47fc00a2c39e90264f33305004495a9","hash":"3f57d77278df7d549e5376fccb06bf3c99526b37"}
,"/Users/pyuuunah/Documents/dev/pragmabrewery/breweryApi/src/util/util.js": {"path":"/Users/pyuuunah/Documents/dev/pragmabrewery/breweryApi/src/util/util.js","statementMap":{"0":{"start":{"line":1,"column":25},"end":{"line":2,"column":48}},"1":{"start":{"line":2,"column":2},"end":{"line":2,"column":48}},"2":{"start":{"line":4,"column":20},"end":{"line":4,"column":66}},"3":{"start":{"line":4,"column":30},"end":{"line":4,"column":66}},"4":{"start":{"line":6,"column":26},"end":{"line":7,"column":60}},"5":{"start":{"line":7,"column":2},"end":{"line":7,"column":60}},"6":{"start":{"line":9,"column":0},"end":{"line":13,"column":2}}},"fnMap":{"0":{"name":"(anonymous_0)","decl":{"start":{"line":1,"column":25},"end":{"line":1,"column":26}},"loc":{"start":{"line":2,"column":2},"end":{"line":2,"column":48}},"line":2},"1":{"name":"(anonymous_1)","decl":{"start":{"line":4,"column":20},"end":{"line":4,"column":21}},"loc":{"start":{"line":4,"column":30},"end":{"line":4,"column":66}},"line":4},"2":{"name":"(anonymous_2)","decl":{"start":{"line":6,"column":26},"end":{"line":6,"column":27}},"loc":{"start":{"line":7,"column":2},"end":{"line":7,"column":60}},"line":7}},"branchMap":{"0":{"loc":{"start":{"line":2,"column":2},"end":{"line":2,"column":48}},"type":"binary-expr","locations":[{"start":{"line":2,"column":2},"end":{"line":2,"column":11}},{"start":{"line":2,"column":15},"end":{"line":2,"column":48}}],"line":2},"1":{"loc":{"start":{"line":4,"column":30},"end":{"line":4,"column":66}},"type":"binary-expr","locations":[{"start":{"line":4,"column":30},"end":{"line":4,"column":34}},{"start":{"line":4,"column":38},"end":{"line":4,"column":66}}],"line":4},"2":{"loc":{"start":{"line":7,"column":2},"end":{"line":7,"column":60}},"type":"binary-expr","locations":[{"start":{"line":7,"column":2},"end":{"line":7,"column":29}},{"start":{"line":7,"column":33},"end":{"line":7,"column":60}}],"line":7}},"s":{"0":7,"1":6,"2":7,"3":4,"4":7,"5":5,"6":7},"f":{"0":6,"1":4,"2":5},"b":{"0":[6,3],"1":[4,4],"2":[5,3]},"_coverageSchema":"1a1c01bbd47fc00a2c39e90264f33305004495a9","hash":"35c1969c31aa78adc3249404c1f737c3da854ecf"}
,"/Users/pyuuunah/Documents/dev/pragmabrewery/breweryApi/src/views/containerView.js": {"path":"/Users/pyuuunah/Documents/dev/pragmabrewery/breweryApi/src/views/containerView.js","statementMap":{"0":{"start":{"line":1,"column":11},"end":{"line":1,"column":45}},"1":{"start":{"line":3,"column":22},"end":{"line":6,"column":1}},"2":{"start":{"line":4,"column":2},"end":{"line":4,"column":35}},"3":{"start":{"line":5,"column":2},"end":{"line":5,"column":34}},"4":{"start":{"line":8,"column":23},"end":{"line":10,"column":1}},"5":{"start":{"line":9,"column":2},"end":{"line":9,"column":36}},"6":{"start":{"line":12,"column":17},"end":{"line":14,"column":1}},"7":{"start":{"line":13,"column":2},"end":{"line":13,"column":36}},"8":{"start":{"line":16,"column":18},"end":{"line":19,"column":1}},"9":{"start":{"line":17,"column":2},"end":{"line":17,"column":55}},"10":{"start":{"line":18,"column":2},"end":{"line":18,"column":21}},"11":{"start":{"line":22,"column":24},"end":{"line":28,"column":1}},"12":{"start":{"line":23,"column":2},"end":{"line":26,"column":5}},"13":{"start":{"line":24,"column":4},"end":{"line":24,"column":59}},"14":{"start":{"line":25,"column":4},"end":{"line":25,"column":25}},"15":{"start":{"line":27,"column":2},"end":{"line":27,"column":35}},"16":{"start":{"line":30,"column":24},"end":{"line":32,"column":1}},"17":{"start":{"line":31,"column":2},"end":{"line":31,"column":33}},"18":{"start":{"line":34,"column":0},"end":{"line":41,"column":2}}},"fnMap":{"0":{"name":"(anonymous_0)","decl":{"start":{"line":3,"column":22},"end":{"line":3,"column":23}},"loc":{"start":{"line":3,"column":43},"end":{"line":6,"column":1}},"line":3},"1":{"name":"(anonymous_1)","decl":{"start":{"line":8,"column":23},"end":{"line":8,"column":24}},"loc":{"start":{"line":8,"column":41},"end":{"line":10,"column":1}},"line":8},"2":{"name":"(anonymous_2)","decl":{"start":{"line":12,"column":17},"end":{"line":12,"column":18}},"loc":{"start":{"line":12,"column":26},"end":{"line":14,"column":1}},"line":12},"3":{"name":"(anonymous_3)","decl":{"start":{"line":16,"column":18},"end":{"line":16,"column":19}},"loc":{"start":{"line":16,"column":39},"end":{"line":19,"column":1}},"line":16},"4":{"name":"(anonymous_4)","decl":{"start":{"line":22,"column":24},"end":{"line":22,"column":25}},"loc":{"start":{"line":22,"column":45},"end":{"line":28,"column":1}},"line":22},"5":{"name":"(anonymous_5)","decl":{"start":{"line":23,"column":24},"end":{"line":23,"column":25}},"loc":{"start":{"line":23,"column":31},"end":{"line":26,"column":3}},"line":23},"6":{"name":"(anonymous_6)","decl":{"start":{"line":30,"column":24},"end":{"line":30,"column":25}},"loc":{"start":{"line":30,"column":45},"end":{"line":32,"column":1}},"line":30}},"branchMap":{},"s":{"0":5,"1":5,"2":2,"3":2,"4":5,"5":2,"6":5,"7":3,"8":5,"9":1,"10":1,"11":5,"12":7,"13":1,"14":1,"15":7,"16":5,"17":8,"18":5},"f":{"0":2,"1":2,"2":3,"3":1,"4":7,"5":1,"6":8},"b":{},"_coverageSchema":"1a1c01bbd47fc00a2c39e90264f33305004495a9","hash":"21b7b18217a25595f6c210cecdca86ff04b7c0f6"}
}
