TN:
SF:src/controllers/containerController.js
FN:13,(anonymous_0)
FN:17,(anonymous_1)
FN:23,(anonymous_2)
FN:52,(anonymous_3)
FN:56,(anonymous_4)
FN:61,(anonymous_5)
FN:69,(anonymous_6)
FN:83,(anonymous_7)
FNF:8
FNH:8
FNDA:1,(anonymous_0)
FNDA:4,(anonymous_1)
FNDA:2,(anonymous_2)
FNDA:1,(anonymous_3)
FNDA:2,(anonymous_4)
FNDA:1,(anonymous_5)
FNDA:2,(anonymous_6)
FNDA:2,(anonymous_7)
DA:1,2
DA:2,2
DA:3,2
DA:4,2
DA:11,2
DA:13,2
DA:14,1
DA:17,2
DA:18,4
DA:19,3
DA:20,3
DA:21,2
DA:22,2
DA:24,2
DA:25,2
DA:26,2
DA:27,2
DA:28,1
DA:35,1
DA:37,2
DA:39,2
DA:43,2
DA:45,1
DA:48,1
DA:52,2
DA:53,1
DA:56,2
DA:57,2
DA:58,2
DA:59,2
DA:60,2
DA:61,1
DA:62,1
DA:63,1
DA:64,1
DA:66,1
DA:69,2
DA:70,2
DA:71,2
DA:72,2
DA:73,2
DA:75,2
DA:76,1
DA:77,1
DA:78,1
DA:79,1
DA:80,1
DA:83,2
DA:84,2
DA:85,2
DA:86,2
DA:87,1
DA:88,1
DA:91,2
LF:54
LH:54
BRDA:18,0,0,3
BRDA:18,0,1,1
BRDA:20,1,0,2
BRDA:20,1,1,1
BRDA:27,2,0,1
BRDA:27,2,1,1
BRDA:59,3,0,1
BRDA:59,3,1,1
BRDA:60,4,0,1
BRDA:60,4,1,1
BRDA:60,5,0,2
BRDA:60,5,1,1
BRDA:73,6,0,1
BRDA:73,6,1,1
BRDA:75,7,0,1
BRDA:75,7,1,1
BRDA:75,8,0,2
BRDA:75,8,1,1
BRDA:86,9,0,1
BRDA:86,9,1,1
BRF:20
BRH:20
end_of_record
TN:
SF:src/controllers/eventController.js
FN:5,(anonymous_0)
FN:27,(anonymous_1)
FNF:2
FNH:1
FNDA:1,(anonymous_0)
FNDA:0,(anonymous_1)
DA:1,2
DA:2,2
DA:3,2
DA:5,2
DA:7,1
DA:14,1
DA:19,1
DA:20,1
DA:27,1
DA:28,0
DA:29,0
DA:33,2
LF:12
LH:10
BRF:0
BRH:0
end_of_record
TN:
SF:src/models/beer.js
FN:5,(anonymous_0)
FN:11,(anonymous_1)
FN:16,(anonymous_2)
FNF:3
FNH:3
FNDA:1,(anonymous_0)
FNDA:1,(anonymous_1)
FNDA:1,(anonymous_2)
DA:1,3
DA:2,3
DA:3,3
DA:5,3
DA:6,1
DA:9,3
DA:11,3
DA:12,1
DA:13,1
DA:16,3
DA:18,3
LF:11
LH:11
BRF:0
BRH:0
end_of_record
TN:
SF:src/models/container.js
FN:5,(anonymous_0)
FN:9,(anonymous_1)
FN:14,(anonymous_2)
FN:18,(anonymous_3)
FN:22,(anonymous_4)
FN:24,(anonymous_5)
FN:30,(anonymous_6)
FN:32,(anonymous_7)
FN:37,(anonymous_8)
FN:39,(anonymous_9)
FNF:10
FNH:10
FNDA:4,(anonymous_0)
FNDA:4,(anonymous_1)
FNDA:1,(anonymous_2)
FNDA:1,(anonymous_3)
FNDA:1,(anonymous_4)
FNDA:3,(anonymous_5)
FNDA:8,(anonymous_6)
FNDA:1,(anonymous_7)
FNDA:2,(anonymous_8)
FNDA:1,(anonymous_9)
DA:1,5
DA:2,5
DA:3,5
DA:5,5
DA:6,4
DA:9,5
DA:10,4
DA:11,4
DA:14,5
DA:15,1
DA:18,5
DA:19,1
DA:22,5
DA:24,5
DA:25,3
DA:26,2
DA:27,1
DA:30,8
DA:32,5
DA:33,1
DA:34,1
DA:37,5
DA:39,5
DA:40,1
DA:42,5
LF:25
LH:25
BRDA:25,0,0,2
BRDA:25,0,1,1
BRDA:25,1,0,3
BRDA:25,1,1,3
BRF:4
BRH:4
end_of_record
TN:
SF:src/models/schemas.js
FNF:0
FNH:0
DA:1,11
DA:18,11
LF:2
LH:2
BRF:0
BRH:0
end_of_record
TN:
SF:src/models/user.js
FN:5,(anonymous_0)
FN:11,(anonymous_1)
FN:13,(anonymous_2)
FN:13,(anonymous_3)
FN:15,(anonymous_4)
FNF:5
FNH:5
FNDA:2,(anonymous_0)
FNDA:2,(anonymous_1)
FNDA:1,(anonymous_2)
FNDA:1,(anonymous_3)
FNDA:8,(anonymous_4)
DA:1,6
DA:2,6
DA:3,6
DA:5,6
DA:6,2
DA:9,6
DA:11,6
DA:13,6
DA:15,8
DA:17,6
LF:10
LH:10
BRF:0
BRH:0
end_of_record
TN:
SF:src/routes/containers.js
FN:24,(anonymous_0)
FNF:1
FNH:0
FNDA:0,(anonymous_0)
DA:1,1
DA:2,1
DA:10,1
DA:13,1
DA:15,1
DA:18,1
DA:22,1
DA:25,0
DA:26,0
DA:29,1
DA:30,1
DA:31,1
DA:33,1
LF:13
LH:11
BRF:0
BRH:0
end_of_record
TN:
SF:src/routes/events.js
FNF:0
FNH:0
DA:1,1
DA:2,1
DA:3,1
DA:6,1
DA:8,1
LF:5
LH:5
BRF:0
BRH:0
end_of_record
TN:
SF:src/services/beerService.js
FN:3,(anonymous_0)
FNF:1
FNH:1
FNDA:1,(anonymous_0)
DA:1,3
DA:3,3
DA:5,3
LF:3
LH:3
BRF:0
BRH:0
end_of_record
TN:
SF:src/services/containerService.js
FN:4,(anonymous_0)
FN:22,(anonymous_1)
FN:24,(anonymous_2)
FN:26,(anonymous_3)
FN:28,(anonymous_4)
FN:33,(anonymous_5)
FN:35,(anonymous_6)
FNF:7
FNH:7
FNDA:2,(anonymous_0)
FNDA:3,(anonymous_1)
FNDA:8,(anonymous_2)
FNDA:1,(anonymous_3)
FNDA:1,(anonymous_4)
FNDA:1,(anonymous_5)
FNDA:1,(anonymous_6)
DA:1,5
DA:2,5
DA:4,5
DA:5,2
DA:6,2
DA:8,2
DA:12,2
DA:19,2
DA:22,5
DA:24,8
DA:26,5
DA:28,5
DA:29,1
DA:30,1
DA:33,5
DA:35,5
DA:37,5
LF:17
LH:17
BRDA:8,0,0,1
BRDA:8,0,1,1
BRF:2
BRH:2
end_of_record
TN:
SF:src/services/http.js
FN:5,(anonymous_0)
FN:15,(anonymous_1)
FN:16,(anonymous_2)
FNF:3
FNH:3
FNDA:1,(anonymous_0)
FNDA:1,(anonymous_1)
FNDA:1,(anonymous_2)
DA:1,3
DA:3,3
DA:5,3
DA:6,1
DA:15,1
DA:16,1
DA:18,3
DA:22,3
LF:8
LH:8
BRF:0
BRH:0
end_of_record
TN:
SF:src/services/pragmaSensor.js
FN:3,(anonymous_0)
FNF:1
FNH:1
FNDA:1,(anonymous_0)
DA:1,3
DA:3,3
DA:5,3
LF:3
LH:3
BRF:0
BRH:0
end_of_record
TN:
SF:src/services/userService.js
FN:3,(anonymous_0)
FN:9,(anonymous_1)
FN:11,(anonymous_2)
FNF:3
FNH:3
FNDA:2,(anonymous_0)
FNDA:8,(anonymous_1)
FNDA:1,(anonymous_2)
DA:1,6
DA:3,6
DA:4,2
DA:5,2
DA:6,2
DA:9,8
DA:11,6
DA:13,6
LF:8
LH:8
BRF:0
BRH:0
end_of_record
TN:
SF:src/util/util.js
FN:1,(anonymous_0)
FN:4,(anonymous_1)
FN:6,(anonymous_2)
FNF:3
FNH:3
FNDA:6,(anonymous_0)
FNDA:4,(anonymous_1)
FNDA:5,(anonymous_2)
DA:1,7
DA:2,6
DA:4,7
DA:6,7
DA:7,5
DA:9,7
LF:6
LH:6
BRDA:2,0,0,6
BRDA:2,0,1,3
BRDA:4,1,0,4
BRDA:4,1,1,4
BRDA:7,2,0,5
BRDA:7,2,1,3
BRF:6
BRH:6
end_of_record
TN:
SF:src/views/containerView.js
FN:3,(anonymous_0)
FN:8,(anonymous_1)
FN:12,(anonymous_2)
FN:16,(anonymous_3)
FN:22,(anonymous_4)
FN:23,(anonymous_5)
FN:30,(anonymous_6)
FNF:7
FNH:7
FNDA:2,(anonymous_0)
FNDA:2,(anonymous_1)
FNDA:3,(anonymous_2)
FNDA:1,(anonymous_3)
FNDA:7,(anonymous_4)
FNDA:1,(anonymous_5)
FNDA:8,(anonymous_6)
DA:1,5
DA:3,5
DA:4,2
DA:5,2
DA:8,5
DA:9,2
DA:12,5
DA:13,3
DA:16,5
DA:17,1
DA:18,1
DA:22,5
DA:23,7
DA:24,1
DA:25,1
DA:27,7
DA:30,5
DA:31,8
DA:34,5
LF:19
LH:19
BRF:0
BRH:0
end_of_record
